<?xml version="1.0" encoding="UTF-8"?>
<testng-results skipped="0" failed="0" ignored="0" total="1" passed="1">
  <reporter-output>
  </reporter-output>
  <suite name="Suite" duration-ms="5710" started-at="2020-10-06T11:15:59Z" finished-at="2020-10-06T11:16:05Z">
    <groups>
    </groups>
    <test name="Test" duration-ms="5710" started-at="2020-10-06T11:15:59Z" finished-at="2020-10-06T11:16:05Z">
      <class name="com.delete.Calculator">
        <test-method status="PASS" signature="openBrowser()[pri:0, instance:com.delete.Calculator@709ba3fb]" name="openBrowser" is-config="true" duration-ms="12435" started-at="2020-10-06T11:15:47Z" finished-at="2020-10-06T11:15:59Z">
          <reporter-output>
          </reporter-output>
        </test-method> <!-- openBrowser -->
        <test-method status="PASS" signature="Login()[pri:0, instance:com.delete.Calculator@709ba3fb]" name="Login" duration-ms="5629" started-at="2020-10-06T11:16:00Z" finished-at="2020-10-06T11:16:05Z">
          <reporter-output>
          </reporter-output>
        </test-method> <!-- Login -->
      </class> <!-- com.delete.Calculator -->
    </test> <!-- Test -->
  </suite> <!-- Suite -->
</testng-results>
