<?xml version="1.0" encoding="UTF-8"?>
<testng-results skipped="0" failed="0" ignored="0" total="1" passed="1">
  <reporter-output>
  </reporter-output>
  <suite name="Default suite" duration-ms="4481" started-at="2020-10-06T11:00:11Z" finished-at="2020-10-06T11:00:15Z">
    <groups>
    </groups>
    <test name="Default test" duration-ms="4481" started-at="2020-10-06T11:00:11Z" finished-at="2020-10-06T11:00:15Z">
      <class name="com.delete.Calculator">
        <test-method status="PASS" signature="openBrowser()[pri:0, instance:com.delete.Calculator@691a7f8f]" name="openBrowser" is-config="true" duration-ms="11014" started-at="2020-10-06T11:00:00Z" finished-at="2020-10-06T11:00:11Z">
          <reporter-output>
          </reporter-output>
        </test-method> <!-- openBrowser -->
        <test-method status="PASS" signature="Login()[pri:0, instance:com.delete.Calculator@691a7f8f]" name="Login" duration-ms="4360" started-at="2020-10-06T11:00:11Z" finished-at="2020-10-06T11:00:15Z">
          <reporter-output>
          </reporter-output>
        </test-method> <!-- Login -->
      </class> <!-- com.delete.Calculator -->
    </test> <!-- Default test -->
  </suite> <!-- Default suite -->
</testng-results>
